This is pdfTeX, Version 3.14159265-2.6-1.40.20 (TeX Live 2019/Debian) (preloaded format=pdflatex 2021.5.20)  28 JUN 2021 20:15
entering extended mode
 restricted \write18 enabled.
 %&-line parsing enabled.
**main.tex
(./main.tex
LaTeX2e <2020-02-02> patch level 2
L3 programming layer <2020-02-14>
(/usr/share/texlive/texmf-dist/tex/latex/base/report.cls
Document Class: report 2019/12/20 v1.4l Standard LaTeX document class
(/usr/share/texlive/texmf-dist/tex/latex/base/size10.clo
File: size10.clo 2019/12/20 v1.4l Standard LaTeX file (size option)
)
\c@part=\count167
\c@chapter=\count168
\c@section=\count169
\c@subsection=\count170
\c@subsubsection=\count171
\c@paragraph=\count172
\c@subparagraph=\count173
\c@figure=\count174
\c@table=\count175
\abovecaptionskip=\skip47
\belowcaptionskip=\skip48
\bibindent=\dimen134
)
(/usr/share/texlive/texmf-dist/tex/latex/geometry/geometry.sty
Package: geometry 2020/01/02 v5.9 Page Geometry

(/usr/share/texlive/texmf-dist/tex/latex/graphics/keyval.sty
Package: keyval 2014/10/28 v1.15 key=value parser (DPC)
\KV@toks@=\toks14
)
(/usr/share/texlive/texmf-dist/tex/generic/iftex/ifvtex.sty
Package: ifvtex 2019/10/25 v1.7 ifvtex legacy package. Use iftex instead.

(/usr/share/texlive/texmf-dist/tex/generic/iftex/iftex.sty
Package: iftex 2019/11/07 v1.0c TeX engine tests
))
\Gm@cnth=\count176
\Gm@cntv=\count177
\c@Gm@tempcnt=\count178
\Gm@bindingoffset=\dimen135
\Gm@wd@mp=\dimen136
\Gm@odd@mp=\dimen137
\Gm@even@mp=\dimen138
\Gm@layoutwidth=\dimen139
\Gm@layoutheight=\dimen140
\Gm@layouthoffset=\dimen141
\Gm@layoutvoffset=\dimen142
\Gm@dimlist=\toks15
)
(/usr/share/texlive/texmf-dist/tex/latex/setspace/setspace.sty
Package: setspace 2011/12/19 v6.7a set line spacing
)
(/usr/share/texlive/texmf-dist/tex/generic/babel/babel.sty
Package: babel 2020/02/14 3.40 The Babel package

(/usr/share/texlive/texmf-dist/tex/generic/babel/switch.def
File: switch.def 2020/02/14 3.40 Babel switching mechanism
)
(/usr/share/texlive/texmf-dist/tex/generic/babel-indonesian/indonesian.ldf
Language: indonesian 2017/02/15 v1.0m Bahasa Indonesia support from the babel s
ystem

(/usr/share/texlive/texmf-dist/tex/generic/babel/babel.def
File: babel.def 2020/02/14 3.40 Babel common definitions
\babel@savecnt=\count179
\U@D=\dimen143

(/usr/share/texlive/texmf-dist/tex/generic/babel/txtbabel.def)
\bbl@readstream=\read2
\bbl@dirlevel=\count180
)))
(/usr/share/texlive/texmf-dist/tex/latex/hyperref/hyperref.sty
Package: hyperref 2020/01/14 v7.00d Hypertext links for LaTeX

(/usr/share/texlive/texmf-dist/tex/generic/ltxcmds/ltxcmds.sty
Package: ltxcmds 2019/12/15 v1.24 LaTeX kernel commands for general use (HO)
)
(/usr/share/texlive/texmf-dist/tex/latex/pdftexcmds/pdftexcmds.sty
Package: pdftexcmds 2019/11/24 v0.31 Utility functions of pdfTeX for LuaTeX (HO
)

(/usr/share/texlive/texmf-dist/tex/generic/infwarerr/infwarerr.sty
Package: infwarerr 2019/12/03 v1.5 Providing info/warning/error messages (HO)
)
Package pdftexcmds Info: \pdf@primitive is available.
Package pdftexcmds Info: \pdf@ifprimitive is available.
Package pdftexcmds Info: \pdfdraftmode found.
)
(/usr/share/texlive/texmf-dist/tex/generic/kvsetkeys/kvsetkeys.sty
Package: kvsetkeys 2019/12/15 v1.18 Key value parser (HO)
)
(/usr/share/texlive/texmf-dist/tex/generic/kvdefinekeys/kvdefinekeys.sty
Package: kvdefinekeys 2019-12-19 v1.6 Define keys (HO)
)
(/usr/share/texlive/texmf-dist/tex/generic/pdfescape/pdfescape.sty
Package: pdfescape 2019/12/09 v1.15 Implements pdfTeX's escape features (HO)
)
(/usr/share/texlive/texmf-dist/tex/latex/hycolor/hycolor.sty
Package: hycolor 2020-01-27 v1.10 Color options for hyperref/bookmark (HO)
)
(/usr/share/texlive/texmf-dist/tex/latex/letltxmacro/letltxmacro.sty
Package: letltxmacro 2019/12/03 v1.6 Let assignment for LaTeX macros (HO)
)
(/usr/share/texlive/texmf-dist/tex/latex/auxhook/auxhook.sty
Package: auxhook 2019-12-17 v1.6 Hooks for auxiliary files (HO)
)
(/usr/share/texlive/texmf-dist/tex/latex/kvoptions/kvoptions.sty
Package: kvoptions 2019/11/29 v3.13 Key value format for package options (HO)
)
\@linkdim=\dimen144
\Hy@linkcounter=\count181
\Hy@pagecounter=\count182

(/usr/share/texlive/texmf-dist/tex/latex/hyperref/pd1enc.def
File: pd1enc.def 2020/01/14 v7.00d Hyperref: PDFDocEncoding definition (HO)
Now handling font encoding PD1 ...
... no UTF-8 mapping file for font encoding PD1
)
(/usr/share/texlive/texmf-dist/tex/generic/intcalc/intcalc.sty
Package: intcalc 2019/12/15 v1.3 Expandable calculations with integers (HO)
)
(/usr/share/texlive/texmf-dist/tex/generic/etexcmds/etexcmds.sty
Package: etexcmds 2019/12/15 v1.7 Avoid name clashes with e-TeX commands (HO)
)
\Hy@SavedSpaceFactor=\count183
\pdfmajorversion=\count184


Package hyperref Warning: Token not allowed in a PDF string (PDFDocEncoding):
(hyperref)                removing `\spacefactor' on input line 4421.


Package hyperref Warning: Token not allowed in a PDF string (PDFDocEncoding):
(hyperref)                removing `\@m' on input line 4421.

Package hyperref Info: Option `bookmarksnumbered' set `true' on input line 4421
.
Package hyperref Info: Hyper figures OFF on input line 4547.
Package hyperref Info: Link nesting OFF on input line 4552.
Package hyperref Info: Hyper index ON on input line 4555.
Package hyperref Info: Plain pages OFF on input line 4562.
Package hyperref Info: Backreferencing OFF on input line 4567.
Package hyperref Info: Implicit mode ON; LaTeX internals redefined.
Package hyperref Info: Bookmarks ON on input line 4800.
\c@Hy@tempcnt=\count185
(/usr/share/texlive/texmf-dist/tex/latex/url/url.sty
\Urlmuskip=\muskip16
Package: url 2013/09/16  ver 3.4  Verb mode for urls, etc.
)
LaTeX Info: Redefining \url on input line 5159.
\XeTeXLinkMargin=\dimen145

(/usr/share/texlive/texmf-dist/tex/generic/bitset/bitset.sty
Package: bitset 2019/12/09 v1.3 Handle bit-vector datatype (HO)

(/usr/share/texlive/texmf-dist/tex/generic/bigintcalc/bigintcalc.sty
Package: bigintcalc 2019/12/15 v1.5 Expandable calculations on big integers (HO
)
))
\Fld@menulength=\count186
\Field@Width=\dimen146
\Fld@charsize=\dimen147
Package hyperref Info: Hyper figures OFF on input line 6430.
Package hyperref Info: Link nesting OFF on input line 6435.
Package hyperref Info: Hyper index ON on input line 6438.
Package hyperref Info: backreferencing OFF on input line 6445.
Package hyperref Info: Link coloring OFF on input line 6450.
Package hyperref Info: Link coloring with OCG OFF on input line 6455.
Package hyperref Info: PDF/A mode OFF on input line 6460.
LaTeX Info: Redefining \ref on input line 6500.
LaTeX Info: Redefining \pageref on input line 6504.

(/usr/share/texlive/texmf-dist/tex/generic/atbegshi/atbegshi.sty
Package: atbegshi 2019/12/05 v1.19 At begin shipout hook (HO)
)
\Hy@abspage=\count187
\c@Item=\count188
\c@Hfootnote=\count189
)
Package hyperref Info: Driver (autodetected): hpdftex.

(/usr/share/texlive/texmf-dist/tex/latex/hyperref/hpdftex.def
File: hpdftex.def 2020/01/14 v7.00d Hyperref driver for pdfTeX

(/usr/share/texlive/texmf-dist/tex/latex/atveryend/atveryend.sty
Package: atveryend 2019-12-11 v1.11 Hooks at the very end of document (HO)
Package atveryend Info: \enddocument detected (standard20110627).
)
\Fld@listcount=\count190
\c@bookmark@seq@number=\count191

(/usr/share/texlive/texmf-dist/tex/latex/rerunfilecheck/rerunfilecheck.sty
Package: rerunfilecheck 2019/12/05 v1.9 Rerun checks for auxiliary files (HO)

(/usr/share/texlive/texmf-dist/tex/generic/uniquecounter/uniquecounter.sty
Package: uniquecounter 2019/12/15 v1.4 Provide unlimited unique counter (HO)
)
Package uniquecounter Info: New unique counter `rerunfilecheck' on input line 2
86.
)
\Hy@SectionHShift=\skip49
)
(/usr/share/texlive/texmf-dist/tex/latex/base/inputenc.sty
Package: inputenc 2018/08/11 v1.3c Input encoding file
\inpenc@prehook=\toks16
\inpenc@posthook=\toks17
)
(/usr/share/texlive/texmf-dist/tex/latex/xcolor/xcolor.sty
Package: xcolor 2016/05/11 v2.12 LaTeX color extensions (UK)

(/usr/share/texlive/texmf-dist/tex/latex/graphics-cfg/color.cfg
File: color.cfg 2016/01/02 v1.6 sample color configuration
)
Package xcolor Info: Driver file: pdftex.def on input line 225.

(/usr/share/texlive/texmf-dist/tex/latex/graphics-def/pdftex.def
File: pdftex.def 2018/01/08 v1.0l Graphics/color driver for pdftex
)
(/usr/share/texlive/texmf-dist/tex/latex/colortbl/colortbl.sty
Package: colortbl 2020/01/04 v1.0e Color table columns (DPC)

(/usr/share/texlive/texmf-dist/tex/latex/tools/array.sty
Package: array 2019/08/31 v2.4l Tabular extension package (FMi)
\col@sep=\dimen148
\ar@mcellbox=\box45
\extrarowheight=\dimen149
\NC@list=\toks18
\extratabsurround=\skip50
\backup@length=\skip51
\ar@cellbox=\box46
)
\everycr=\toks19
\minrowclearance=\skip52
)
\rownum=\count192
Package xcolor Info: Model `cmy' substituted by `cmy0' on input line 1348.
Package xcolor Info: Model `hsb' substituted by `rgb' on input line 1352.
Package xcolor Info: Model `RGB' extended on input line 1364.
Package xcolor Info: Model `HTML' substituted by `rgb' on input line 1366.
Package xcolor Info: Model `Hsb' substituted by `hsb' on input line 1367.
Package xcolor Info: Model `tHsb' substituted by `hsb' on input line 1368.
Package xcolor Info: Model `HSB' substituted by `hsb' on input line 1369.
Package xcolor Info: Model `Gray' substituted by `gray' on input line 1370.
Package xcolor Info: Model `wave' substituted by `hsb' on input line 1371.
)
(/usr/share/texlive/texmf-dist/tex/latex/natbib/natbib.sty
Package: natbib 2010/09/13 8.31b (PWD, AO)
\bibhang=\skip53
\bibsep=\skip54
LaTeX Info: Redefining \cite on input line 694.
\c@NAT@ctr=\count193
)
(/usr/share/texlive/texmf-dist/tex/latex/amsmath/amsmath.sty
Package: amsmath 2020/01/20 v2.17e AMS math features
\@mathmargin=\skip55

For additional information on amsmath, use the `?' option.
(/usr/share/texlive/texmf-dist/tex/latex/amsmath/amstext.sty
Package: amstext 2000/06/29 v2.01 AMS text

(/usr/share/texlive/texmf-dist/tex/latex/amsmath/amsgen.sty
File: amsgen.sty 1999/11/30 v2.0 generic functions
\@emptytoks=\toks20
\ex@=\dimen150
))
(/usr/share/texlive/texmf-dist/tex/latex/amsmath/amsbsy.sty
Package: amsbsy 1999/11/29 v1.2d Bold Symbols
\pmbraise@=\dimen151
)
(/usr/share/texlive/texmf-dist/tex/latex/amsmath/amsopn.sty
Package: amsopn 2016/03/08 v2.02 operator names
)
\inf@bad=\count194
LaTeX Info: Redefining \frac on input line 227.
\uproot@=\count195
\leftroot@=\count196
LaTeX Info: Redefining \overline on input line 389.
\classnum@=\count197
\DOTSCASE@=\count198
LaTeX Info: Redefining \ldots on input line 486.
LaTeX Info: Redefining \dots on input line 489.
LaTeX Info: Redefining \cdots on input line 610.
\Mathstrutbox@=\box47
\strutbox@=\box48
\big@size=\dimen152
LaTeX Font Info:    Redeclaring font encoding OML on input line 733.
LaTeX Font Info:    Redeclaring font encoding OMS on input line 734.
\macc@depth=\count199
\c@MaxMatrixCols=\count266
\dotsspace@=\muskip17
\c@parentequation=\count267
\dspbrk@lvl=\count268
\tag@help=\toks21
\row@=\count269
\column@=\count270
\maxfields@=\count271
\andhelp@=\toks22
\eqnshift@=\dimen153
\alignsep@=\dimen154
\tagshift@=\dimen155
\tagwidth@=\dimen156
\totwidth@=\dimen157
\lineht@=\dimen158
\@envbody=\toks23
\multlinegap=\skip56
\multlinetaggap=\skip57
\mathdisplay@stack=\toks24
LaTeX Info: Redefining \[ on input line 2859.
LaTeX Info: Redefining \] on input line 2860.
)
(/usr/share/texlive/texmf-dist/tex/latex/changepage/changepage.sty
Package: changepage 2009/10/20 v1.0c check page and change page layout
\c@cp@cntr=\count272
\cp@tempcnt=\count273
)
(/usr/share/texlive/texmf-dist/tex/latex/enumitem/enumitem.sty
Package: enumitem 2019/06/20 v3.9 Customized lists
\labelindent=\skip58
\enit@outerparindent=\dimen159
\enit@toks=\toks25
\enit@inbox=\box49
\enit@count@id=\count274
\enitdp@description=\count275
)
(/usr/share/texlive/texmf-dist/tex/latex/eso-pic/eso-pic.sty
Package: eso-pic 2018/04/12 v2.0h eso-pic (RN)
)
(/usr/share/texlive/texmf-dist/tex/latex/etoolbox/etoolbox.sty
Package: etoolbox 2019/09/21 v2.5h e-TeX tools for LaTeX (JAW)
\etb@tempcnta=\count276
)
(/usr/share/texlive/texmf-dist/tex/latex/graphics/graphicx.sty
Package: graphicx 2019/11/30 v1.2a Enhanced LaTeX Graphics (DPC,SPQR)

(/usr/share/texlive/texmf-dist/tex/latex/graphics/graphics.sty
Package: graphics 2019/11/30 v1.4a Standard LaTeX Graphics (DPC,SPQR)

(/usr/share/texlive/texmf-dist/tex/latex/graphics/trig.sty
Package: trig 2016/01/03 v1.10 sin cos tan (DPC)
)
(/usr/share/texlive/texmf-dist/tex/latex/graphics-cfg/graphics.cfg
File: graphics.cfg 2016/06/04 v1.11 sample graphics configuration
)
Package graphics Info: Driver file: pdftex.def on input line 105.
)
\Gin@req@height=\dimen160
\Gin@req@width=\dimen161
)
(/usr/share/texlive/texmf-dist/tex/latex/lipsum/lipsum.sty
(/usr/share/texlive/texmf-dist/tex/latex/l3kernel/expl3.sty
Package: expl3 2020-02-14 L3 programming layer (loader) 

(/usr/share/texlive/texmf-dist/tex/latex/l3backend/l3backend-pdfmode.def
File: l3backend-pdfmode.def 2020-02-03 L3 backend support: PDF mode
\l__kernel_color_stack_int=\count277
\l__pdf_internal_box=\box50
))
(/usr/share/texlive/texmf-dist/tex/latex/l3packages/xparse/xparse.sty
Package: xparse 2020-02-14 L3 Experimental document command parser
\l__xparse_current_arg_int=\count278
\g__xparse_grabber_int=\count279
\l__xparse_m_args_int=\count280
\l__xparse_v_nesting_int=\count281
)
Package: lipsum 2019/01/02 v2.2 150 paragraphs of Lorem Ipsum dummy text

(/usr/share/texlive/texmf-dist/tex/latex/lipsum/lipsum.ltd.tex
File: lipsum.ltd.tex 2019/01/02 v2.2 The Lorem ipsum dummy text
))
(/usr/share/texmf/tex/latex/lm/lmodern.sty
Package: lmodern 2009/10/30 v1.6 Latin Modern Fonts
LaTeX Font Info:    Overwriting symbol font `operators' in version `normal'
(Font)                  OT1/cmr/m/n --> OT1/lmr/m/n on input line 22.
LaTeX Font Info:    Overwriting symbol font `letters' in version `normal'
(Font)                  OML/cmm/m/it --> OML/lmm/m/it on input line 23.
LaTeX Font Info:    Overwriting symbol font `symbols' in version `normal'
(Font)                  OMS/cmsy/m/n --> OMS/lmsy/m/n on input line 24.
LaTeX Font Info:    Overwriting symbol font `largesymbols' in version `normal'
(Font)                  OMX/cmex/m/n --> OMX/lmex/m/n on input line 25.
LaTeX Font Info:    Overwriting symbol font `operators' in version `bold'
(Font)                  OT1/cmr/bx/n --> OT1/lmr/bx/n on input line 26.
LaTeX Font Info:    Overwriting symbol font `letters' in version `bold'
(Font)                  OML/cmm/b/it --> OML/lmm/b/it on input line 27.
LaTeX Font Info:    Overwriting symbol font `symbols' in version `bold'
(Font)                  OMS/cmsy/b/n --> OMS/lmsy/b/n on input line 28.
LaTeX Font Info:    Overwriting symbol font `largesymbols' in version `bold'
(Font)                  OMX/cmex/m/n --> OMX/lmex/m/n on input line 29.
LaTeX Font Info:    Overwriting math alphabet `\mathbf' in version `normal'
(Font)                  OT1/cmr/bx/n --> OT1/lmr/bx/n on input line 31.
LaTeX Font Info:    Overwriting math alphabet `\mathsf' in version `normal'
(Font)                  OT1/cmss/m/n --> OT1/lmss/m/n on input line 32.
LaTeX Font Info:    Overwriting math alphabet `\mathit' in version `normal'
(Font)                  OT1/cmr/m/it --> OT1/lmr/m/it on input line 33.
LaTeX Font Info:    Overwriting math alphabet `\mathtt' in version `normal'
(Font)                  OT1/cmtt/m/n --> OT1/lmtt/m/n on input line 34.
LaTeX Font Info:    Overwriting math alphabet `\mathbf' in version `bold'
(Font)                  OT1/cmr/bx/n --> OT1/lmr/bx/n on input line 35.
LaTeX Font Info:    Overwriting math alphabet `\mathsf' in version `bold'
(Font)                  OT1/cmss/bx/n --> OT1/lmss/bx/n on input line 36.
LaTeX Font Info:    Overwriting math alphabet `\mathit' in version `bold'
(Font)                  OT1/cmr/bx/it --> OT1/lmr/bx/it on input line 37.
LaTeX Font Info:    Overwriting math alphabet `\mathtt' in version `bold'
(Font)                  OT1/cmtt/m/n --> OT1/lmtt/m/n on input line 38.
)
(/usr/share/texlive/texmf-dist/tex/latex/tools/longtable.sty
Package: longtable 2020/01/07 v4.13 Multi-page Table package (DPC)
\LTleft=\skip59
\LTright=\skip60
\LTpre=\skip61
\LTpost=\skip62
\LTchunksize=\count282
\LTcapwidth=\dimen162
\LT@head=\box51
\LT@firsthead=\box52
\LT@foot=\box53
\LT@lastfoot=\box54
\LT@cols=\count283
\LT@rows=\count284
\c@LT@tables=\count285
\c@LT@chunks=\count286
\LT@p@ftn=\toks26
)
(/usr/share/texlive/texmf-dist/tex/latex/tools/tabularx.sty
Package: tabularx 2020/01/15 v2.11c `tabularx' package (DPC)
\TX@col@width=\dimen163
\TX@old@table=\dimen164
\TX@old@col=\dimen165
\TX@target=\dimen166
\TX@delta=\dimen167
\TX@cols=\count287
\TX@ftn=\toks27
)
(/usr/share/texlive/texmf-dist/tex/latex/wrapfig/wrapfig.sty
\wrapoverhang=\dimen168
\WF@size=\dimen169
\c@WF@wrappedlines=\count288
\WF@box=\box55
\WF@everypar=\toks28
Package: wrapfig 2003/01/31  v 3.6
)
(/usr/share/texlive/texmf-dist/tex/latex/subfigure/subfigure.sty
Package: subfigure 2002/03/15 v2.1.5 subfigure package
\subfigtopskip=\skip63
\subfigcapskip=\skip64
\subfigcaptopadj=\dimen170
\subfigbottomskip=\skip65
\subfigcapmargin=\dimen171
\subfiglabelskip=\skip66
\c@subfigure=\count289
\c@lofdepth=\count290
\c@subtable=\count291
\c@lotdepth=\count292

****************************************
* Local config file subfigure.cfg used *
****************************************
(/usr/share/texlive/texmf-dist/tex/latex/subfigure/subfigure.cfg)
\subfig@top=\skip67
\subfig@bottom=\skip68
)
(/usr/share/texlive/texmf-dist/tex/latex/caption/caption.sty
Package: caption 2020/01/03 v3.4h Customizing captions (AR)

(/usr/share/texlive/texmf-dist/tex/latex/caption/caption3.sty
Package: caption3 2020/01/03 v1.8h caption3 kernel (AR)
Package caption3 Info: TeX engine: e-TeX on input line 61.
\captionmargin=\dimen172
\captionmargin@=\dimen173
\captionwidth=\dimen174
\caption@tempdima=\dimen175
\caption@indent=\dimen176
\caption@parindent=\dimen177
\caption@hangindent=\dimen178
Package caption Info: Standard document class detected.
)
\c@caption@flags=\count293
\c@continuedfloat=\count294
Package caption Info: hyperref package is loaded.
Package caption Info: longtable package is loaded.

(/usr/share/texlive/texmf-dist/tex/latex/caption/ltcaption.sty
Package: ltcaption 2018/08/26 v1.4a longtable captions (AR)
)
Package caption Info: subfigure package is loaded.
Package caption Info: wrapfig package is loaded.
)
(/usr/share/texlive/texmf-dist/tex/latex/float/float.sty
Package: float 2001/11/08 v1.3d Float enhancements (AL)
\c@float@type=\count295
\float@exts=\toks29
\float@box=\box56
\@float@everytoks=\toks30
\@floatcapt=\box57
)
(/usr/share/texlive/texmf-dist/tex/latex/hyperref/backref.sty
Package: backref 2020/01/14 v1.40 Bibliographical back referencing
)
(/usr/share/texlive/texmf-dist/tex/latex/fancyhdr/fancyhdr.sty
Package: fancyhdr 2019/01/31 v3.10 Extensive control of page headers and footer
s
\f@nch@headwidth=\skip69
\f@nch@O@elh=\skip70
\f@nch@O@erh=\skip71
\f@nch@O@olh=\skip72
\f@nch@O@orh=\skip73
\f@nch@O@elf=\skip74
\f@nch@O@erf=\skip75
\f@nch@O@olf=\skip76
\f@nch@O@orf=\skip77
)
(/usr/share/texlive/texmf-dist/tex/latex/titlesec/titlesec.sty
Package: titlesec 2019/10/16 v2.13 Sectioning titles
\ttl@box=\box58
\beforetitleunit=\skip78
\aftertitleunit=\skip79
\ttl@plus=\dimen179
\ttl@minus=\dimen180
\ttl@toksa=\toks31
\titlewidth=\dimen181
\titlewidthlast=\dimen182
\titlewidthfirst=\dimen183
)
(/usr/share/texlive/texmf-dist/tex/latex/listings/listings.sty
\lst@mode=\count296
\lst@gtempboxa=\box59
\lst@token=\toks32
\lst@length=\count297
\lst@currlwidth=\dimen184
\lst@column=\count298
\lst@pos=\count299
\lst@lostspace=\dimen185
\lst@width=\dimen186
\lst@newlines=\count300
\lst@lineno=\count301
\lst@maxwidth=\dimen187

(/usr/share/texlive/texmf-dist/tex/latex/listings/lstmisc.sty
File: lstmisc.sty 2019/09/10 1.8c (Carsten Heinz)
\c@lstnumber=\count302
\lst@skipnumbers=\count303
\lst@framebox=\box60
)
(/usr/share/texlive/texmf-dist/tex/latex/listings/listings.cfg
File: listings.cfg 2019/09/10 1.8c listings configuration
))
Package: listings 2019/09/10 1.8c (Carsten Heinz)
 (./main.aux)
\openout1 = `main.aux'.

LaTeX Font Info:    Checking defaults for OML/cmm/m/it on input line 114.
LaTeX Font Info:    ... okay on input line 114.
LaTeX Font Info:    Checking defaults for OMS/cmsy/m/n on input line 114.
LaTeX Font Info:    ... okay on input line 114.
LaTeX Font Info:    Checking defaults for OT1/cmr/m/n on input line 114.
LaTeX Font Info:    ... okay on input line 114.
LaTeX Font Info:    Checking defaults for T1/cmr/m/n on input line 114.
LaTeX Font Info:    ... okay on input line 114.
LaTeX Font Info:    Checking defaults for TS1/cmr/m/n on input line 114.
LaTeX Font Info:    ... okay on input line 114.
LaTeX Font Info:    Checking defaults for OMX/cmex/m/n on input line 114.
LaTeX Font Info:    ... okay on input line 114.
LaTeX Font Info:    Checking defaults for U/cmr/m/n on input line 114.
LaTeX Font Info:    ... okay on input line 114.
LaTeX Font Info:    Checking defaults for PD1/pdf/m/n on input line 114.
LaTeX Font Info:    ... okay on input line 114.
LaTeX Font Info:    Trying to load font information for OT1+lmr on input line 1
14.

(/usr/share/texmf/tex/latex/lm/ot1lmr.fd
File: ot1lmr.fd 2009/10/30 v1.6 Font defs for Latin Modern
)
*geometry* driver: auto-detecting
*geometry* detected driver: pdftex
*geometry* verbose mode - [ preamble ] result:
* driver: pdftex
* paper: a5paper
* layout: <same size as paper>
* layoutoffset:(h,v)=(0.0pt,0.0pt)
* modes: twoside 
* h-part:(L,W,R)=(71.13188pt, 293.0634pt, 56.9055pt)
* v-part:(T,H,B)=(71.13188pt, 455.24411pt, 71.13188pt)
* \paperwidth=421.10078pt
* \paperheight=597.50787pt
* \textwidth=293.0634pt
* \textheight=455.24411pt
* \oddsidemargin=-1.1381pt
* \evensidemargin=-15.36449pt
* \topmargin=-38.1381pt
* \headheight=12.0pt
* \headsep=25.0pt
* \topskip=10.0pt
* \footskip=30.0pt
* \marginparwidth=121.0pt
* \marginparsep=11.0pt
* \columnsep=10.0pt
* \skip\footins=9.0pt plus 4.0pt minus 2.0pt
* \hoffset=0.0pt
* \voffset=0.0pt
* \mag=1000
* \@twocolumnfalse
* \@twosidetrue
* \@mparswitchtrue
* \@reversemarginfalse
* (1in=72.27pt=25.4mm, 1cm=28.453pt)

\AtBeginShipoutBox=\box61
Package hyperref Info: Link coloring OFF on input line 114.
(/usr/share/texlive/texmf-dist/tex/latex/hyperref/nameref.sty
Package: nameref 2019/09/16 v2.46 Cross-referencing by name of section

(/usr/share/texlive/texmf-dist/tex/latex/refcount/refcount.sty
Package: refcount 2019/12/15 v3.6 Data extraction from label references (HO)
)
(/usr/share/texlive/texmf-dist/tex/generic/gettitlestring/gettitlestring.sty
Package: gettitlestring 2019/12/15 v1.6 Cleanup title references (HO)
)
\c@section@level=\count304
)
LaTeX Info: Redefining \ref on input line 114.
LaTeX Info: Redefining \pageref on input line 114.
LaTeX Info: Redefining \nameref on input line 114.

(./main.out) (./main.out)
\@outlinefile=\write3
\openout3 = `main.out'.


(/usr/share/texlive/texmf-dist/tex/context/base/mkii/supp-pdf.mkii
[Loading MPS to PDF converter (version 2006.09.02).]
\scratchcounter=\count305
\scratchdimen=\dimen188
\scratchbox=\box62
\nofMPsegments=\count306
\nofMParguments=\count307
\everyMPshowfont=\toks33
\MPscratchCnt=\count308
\MPscratchDim=\dimen189
\MPnumerator=\count309
\makeMPintoPDFobject=\count310
\everyMPtoPDFconversion=\toks34
) (/usr/share/texlive/texmf-dist/tex/latex/epstopdf-pkg/epstopdf-base.sty
Package: epstopdf-base 2020-01-24 v2.11 Base part for package epstopdf
Package epstopdf-base Info: Redefining graphics rule for `.eps' on input line 4
85.

(/usr/share/texlive/texmf-dist/tex/latex/latexconfig/epstopdf-sys.cfg
File: epstopdf-sys.cfg 2010/07/13 v1.3 Configuration of (r)epstopdf for TeX Liv
e
))
Package caption Info: Begin \AtBeginDocument code.
Package caption Info: float package is loaded.
Package caption Info: listings package is loaded.
Package caption Info: End \AtBeginDocument code.
Package backref Info: ** backref set up for natbib ** on input line 114.
\c@lstlisting=\count311

(./sampul/sampul-luar.tex
*geometry* verbose mode - [ newgeometry ] result:
* driver: pdftex
* paper: a5paper
* layout: <same size as paper>
* layoutoffset:(h,v)=(0.0pt,0.0pt)
* modes: twoside 
* h-part:(L,W,R)=(71.13188pt, 293.0634pt, 56.9055pt)
* v-part:(T,H,B)=(270.30118pt, 256.07481pt, 71.13188pt)
* \paperwidth=421.10078pt
* \paperheight=597.50787pt
* \textwidth=293.0634pt
* \textheight=256.07481pt
* \oddsidemargin=-1.1381pt
* \evensidemargin=-15.36449pt
* \topmargin=161.03119pt
* \headheight=12.0pt
* \headsep=25.0pt
* \topskip=10.0pt
* \footskip=30.0pt
* \marginparwidth=121.0pt
* \marginparsep=11.0pt
* \columnsep=10.0pt
* \skip\footins=9.0pt plus 4.0pt minus 2.0pt
* \hoffset=0.0pt
* \voffset=0.0pt
* \mag=1000
* \@twocolumnfalse
* \@twosidetrue
* \@mparswitchtrue
* \@reversemarginfalse
* (1in=72.27pt=25.4mm, 1cm=28.453pt)

LaTeX Font Info:    Trying to load font information for OT1+lmss on input line 
27.
 (/usr/share/texmf/tex/latex/lm/ot1lmss.fd
File: ot1lmss.fd 2009/10/30 v1.6 Font defs for Latin Modern
)
(./sampul/konten.tex
LaTeX Font Info:    Font shape `OT1/lmss/bx/it' in size <12> not available
(Font)              Font shape `OT1/lmss/bx/sl' tried instead on input line 8.
)
<sampul/gambar/sampul-luar.png, id=208, 421.0932pt x 597.432pt>
File: sampul/gambar/sampul-luar.png Graphic file (type png)
<use sampul/gambar/sampul-luar.png>
Package pdftex.def Info: sampul/gambar/sampul-luar.png  used on input line 40.
(pdftex.def)             Requested size: 421.12428pt x 597.55817pt.
 [1


{/var/lib/texmf/fonts/map/pdftex/updmap/pdftex.map} <./sampul/gambar/sampul-lua
r.png>]) (./sampul/sampul-dalam.tex
*geometry* verbose mode - [ newgeometry ] result:
* driver: pdftex
* paper: a5paper
* layout: <same size as paper>
* layoutoffset:(h,v)=(0.0pt,0.0pt)
* modes: twoside 
* h-part:(L,W,R)=(71.13188pt, 293.0634pt, 56.9055pt)
* v-part:(T,H,B)=(270.30118pt, 256.07481pt, 71.13188pt)
* \paperwidth=421.10078pt
* \paperheight=597.50787pt
* \textwidth=293.0634pt
* \textheight=256.07481pt
* \oddsidemargin=-1.1381pt
* \evensidemargin=-15.36449pt
* \topmargin=161.03119pt
* \headheight=12.0pt
* \headsep=25.0pt
* \topskip=10.0pt
* \footskip=30.0pt
* \marginparwidth=121.0pt
* \marginparsep=11.0pt
* \columnsep=10.0pt
* \skip\footins=9.0pt plus 4.0pt minus 2.0pt
* \hoffset=0.0pt
* \voffset=0.0pt
* \mag=1000
* \@twocolumnfalse
* \@twosidetrue
* \@mparswitchtrue
* \@reversemarginfalse
* (1in=72.27pt=25.4mm, 1cm=28.453pt)


(./sampul/konten.tex)
<sampul/gambar/sampul-dalam.png, id=218, 421.0932pt x 597.432pt>
File: sampul/gambar/sampul-dalam.png Graphic file (type png)
<use sampul/gambar/sampul-dalam.png>
Package pdftex.def Info: sampul/gambar/sampul-dalam.png  used on input line 37.

(pdftex.def)             Requested size: 421.12428pt x 597.55817pt.
 [2


 <./sampul/gambar/sampul-dalam.png>])
(./lainnya/pernyataan-keaslian.tex
LaTeX Font Info:    Trying to load font information for OML+lmm on input line 2
2.
 (/usr/share/texmf/tex/latex/lm/omllmm.fd
File: omllmm.fd 2009/10/30 v1.6 Font defs for Latin Modern
)
LaTeX Font Info:    Trying to load font information for OMS+lmsy on input line 
22.

(/usr/share/texmf/tex/latex/lm/omslmsy.fd
File: omslmsy.fd 2009/10/30 v1.6 Font defs for Latin Modern
)
LaTeX Font Info:    Trying to load font information for OMX+lmex on input line 
22.

(/usr/share/texmf/tex/latex/lm/omxlmex.fd
File: omxlmex.fd 2009/10/30 v1.6 Font defs for Latin Modern
)
LaTeX Font Info:    External font `lmex10' loaded for size
(Font)              <10> on input line 22.
LaTeX Font Info:    External font `lmex10' loaded for size
(Font)              <7> on input line 22.
LaTeX Font Info:    External font `lmex10' loaded for size
(Font)              <5> on input line 22.
) [3


] [4

]
(./lainnya/lembar-pengesahan.tex) [5] [6

] (./abstrak/abstrak-id.tex

Package hyperref Warning: No destination for bookmark of \addcontentsline,
(hyperref)                destination is added on input line 5.

) [1] [2

] (./abstrak/abstrak-en.tex) [3] [4

] (./lainnya/kata-pengantar.tex
Overfull \hbox (0.9641pt too wide) in paragraph at lines 18--19
[]\OT1/lmr/m/n/10 Bapak-ibu do-sen pe-nga-jar De-par-te-men Tek-nik Kom-pu-ter,
 atas
 []

) [5] [6

] (./main.toc [7

]
Underfull \vbox (badness 4001) has occurred while \output is active []

 [8])
\tf@toc=\write4
\openout4 = `main.toc'.


[9] [10

] (./main.lof [11

])
\tf@lof=\write5
\openout5 = `main.lof'.

 [12] (./main.lot
Overfull \hbox (3.25476pt too wide) in paragraph at lines 11--11
 [][] [][]\OT1/lmr/m/n/10 Tabel Per-ban-ding-an Mo-del de-ngan \OT1/lmr/m/it/10
 back-bo-ne \OT1/lmr/m/n/10 yang ber- 
 []

)
\tf@lot=\write6
\openout6 = `main.lot'.

 [13


] [14

] (./bab/1-pendahuluan.tex
Bab 1.

Underfull \vbox (badness 10000) has occurred while \output is active []

pdfTeX warning (ext4): destination with the same identifier (name{page.1}) has 
been already used, duplicate ignored
<to be read again> 
                   \relax 
l.18 T
      eknologi artificial intelligent sudah banyak disematkan pada mobil pad...
[1

]
Underfull \vbox (badness 10000) has occurred while \output is active []

pdfTeX warning (ext4): destination with the same identifier (name{page.2}) has 
been already used, duplicate ignored
<to be read again> 
                   \relax 
l.47 
      [2])pdfTeX warning (ext4): destination with the same identifier (name{pag
e.3}) has been already used, duplicate ignored
<to be read again> 
                   \relax 
l.175   \cleardoublepage
                         [3]pdfTeX warning (ext4): destination with the same id
entifier (name{page.4}) has been already used, duplicate ignored
<to be read again> 
                   \relax 
l.175   \cleardoublepage
                         [4

] (./bab/2-tinjauan-pustaka.tex
Bab 2.

Underfull \vbox (badness 10000) has occurred while \output is active []

pdfTeX warning (ext4): destination with the same identifier (name{page.5}) has 
been already used, duplicate ignored
<to be read again> 
                   \relax 
l.22 
      [5

]
<gambar/supervised.png, id=515, 1606.0pt x 803.0pt>
File: gambar/supervised.png Graphic file (type png)
<use gambar/supervised.png>
Package pdftex.def Info: gambar/supervised.png  used on input line 28.
(pdftex.def)             Requested size: 160.6094pt x 80.3047pt.
pdfTeX warning (ext4): destination with the same identifier (name{page.6}) has 
been already used, duplicate ignored
<to be read again> 
                   \relax 
l.34 	
       [6 <./gambar/supervised.png (PNG copy)>]
<gambar/unsupervised.jpg, id=524, 913.85416pt x 351.9549pt>
File: gambar/unsupervised.jpg Graphic file (type jpg)
<use gambar/unsupervised.jpg>
Package pdftex.def Info: gambar/unsupervised.jpg  used on input line 37.
(pdftex.def)             Requested size: 182.7676pt x 70.38972pt.
<gambar/reinforcement.png, id=528, 709.65125pt x 266.9975pt>
File: gambar/reinforcement.png Graphic file (type png)
<use gambar/reinforcement.png>
Package pdftex.def Info: gambar/reinforcement.png  used on input line 48.
(pdftex.def)             Requested size: 212.897pt x 80.09985pt.
 [7 <./gambar/unsupervised.jpg> <./gambar/reinforcement.png>]
<gambar/concept-cnn.png, id=541, 727.71875pt x 277.035pt>
File: gambar/concept-cnn.png Graphic file (type png)
<use gambar/concept-cnn.png>
Package pdftex.def Info: gambar/concept-cnn.png  used on input line 68.
(pdftex.def)             Requested size: 218.3173pt x 83.11113pt.
 [8 <./gambar/concept-cnn.png>] [9]
<gambar/rgb-gray-image.png, id=558, 696.6025pt x 402.50375pt>
File: gambar/rgb-gray-image.png Graphic file (type png)
<use gambar/rgb-gray-image.png>
Package pdftex.def Info: gambar/rgb-gray-image.png  used on input line 92.
(pdftex.def)             Requested size: 208.98236pt x 120.75204pt.
<gambar/langkah-konvolusi.png, id=560, 522.95375pt x 793.96625pt>
File: gambar/langkah-konvolusi.png Graphic file (type png)
<use gambar/langkah-konvolusi.png>
Package pdftex.def Info: gambar/langkah-konvolusi.png  used on input line 101.
(pdftex.def)             Requested size: 120.27682pt x 182.6084pt.


LaTeX Warning: `!h' float specifier changed to `!ht'.


Underfull \vbox (badness 1648) has occurred while \output is active []

 [10 <./gambar/rgb-gray-image.png>]
Underfull \vbox (badness 10000) has occurred while \output is active []

 [11 <./gambar/langkah-konvolusi.png>]
<gambar/conv-step-padd.png, id=578, 603.25375pt x 1115.16624pt>
File: gambar/conv-step-padd.png Graphic file (type png)
<use gambar/conv-step-padd.png>
Package pdftex.def Info: gambar/conv-step-padd.png  used on input line 120.
(pdftex.def)             Requested size: 150.81306pt x 278.79088pt.
 [12 <./gambar/conv-step-padd.png>] [13]
<gambar/max-pooling.png, id=592, 402.50375pt x 834.11626pt>
File: gambar/max-pooling.png Graphic file (type png)
<use gambar/max-pooling.png>
Package pdftex.def Info: gambar/max-pooling.png  used on input line 142.
(pdftex.def)             Requested size: 100.62569pt x 208.52855pt.

Underfull \vbox (badness 10000) has occurred while \output is active []

 [14 <./gambar/max-pooling.png>]
<gambar/sigmoid.png, id=601, 1204.5pt x 803.0pt>
File: gambar/sigmoid.png Graphic file (type png)
<use gambar/sigmoid.png>
Package pdftex.def Info: gambar/sigmoid.png  used on input line 172.
(pdftex.def)             Requested size: 180.6672pt x 120.4448pt.

Underfull \vbox (badness 1112) has occurred while \output is active []

 [15 <./gambar/sigmoid.png>]
<gambar/tanh.jpg, id=614, 648.4225pt x 431.6125pt>
File: gambar/tanh.jpg Graphic file (type jpg)
<use gambar/tanh.jpg>
Package pdftex.def Info: gambar/tanh.jpg  used on input line 187.
(pdftex.def)             Requested size: 162.10522pt x 107.90285pt.
 [16 <./gambar/tanh.jpg>] [17] [18]
<gambar/rcnn.png, id=643, 785.93625pt x 189.70876pt>
File: gambar/rcnn.png Graphic file (type png)
<use gambar/rcnn.png>
Package pdftex.def Info: gambar/rcnn.png  used on input line 268.
(pdftex.def)             Requested size: 235.78268pt x 56.91306pt.
 [19 <./gambar/rcnn.png>])
[20] (./bab/3-desain-implementasi.tex
Bab 3.
<gambar/blok-diagram.png, id=665, 573.14125pt x 151.56625pt>
File: gambar/blok-diagram.png Graphic file (type png)
<use gambar/blok-diagram.png>
Package pdftex.def Info: gambar/blok-diagram.png  used on input line 15.
(pdftex.def)             Requested size: 286.56992pt x 75.78293pt.

Underfull \vbox (badness 10000) has occurred while \output is active []

 [21


 <./gambar/blok-diagram.png>]
<gambar/caltech.png, id=672, 756.8275pt x 127.47626pt>
File: gambar/caltech.png Graphic file (type png)
<use gambar/caltech.png>
Package pdftex.def Info: gambar/caltech.png  used on input line 28.
(pdftex.def)             Requested size: 264.89359pt x 44.61736pt.
<gambar/youtube-dataset.png, id=674, 1367.1075pt x 771.88374pt>
File: gambar/youtube-dataset.png Graphic file (type png)
<use gambar/youtube-dataset.png>
Package pdftex.def Info: gambar/youtube-dataset.png  used on input line 37.
(pdftex.def)             Requested size: 205.05728pt x 115.77756pt.
 [22 <./gambar/caltech.png>]
<gambar/data-splitting.png, id=684, 442.65375pt x 111.41624pt>
File: gambar/data-splitting.png Graphic file (type png)
<use gambar/data-splitting.png>
Package pdftex.def Info: gambar/data-splitting.png  used on input line 52.
(pdftex.def)             Requested size: 221.32632pt x 55.70798pt.
 [23 <./gambar/youtube-dataset.png> <./gambar/data-splitting.png>]
Overfull \hbox (2.93202pt too wide) in paragraph at lines 64--66
\OT1/lmr/m/it/10 Test Se-ts \OT1/lmr/m/n/10 me-ru-pak-an sam-pel da-ta yang di-
gu-nak-an un-tuk meng-
 []

<gambar/flowchart-preprocessing.png, id=695, 182.6825pt x 533.995pt>
File: gambar/flowchart-preprocessing.png Graphic file (type png)
<use gambar/flowchart-preprocessing.png>
Package pdftex.def Info: gambar/flowchart-preprocessing.png  used on input line
 75.
(pdftex.def)             Requested size: 91.34102pt x 266.99684pt.

Overfull \hbox (8.08144pt too wide) in paragraph at lines 80--82
[]\OT1/lmr/m/n/10 Berikut me-ru-pak-an pen-je-las-an meng-e-nai ta-hap-an \OT1/
lmr/m/it/10 pre-processing
 []

[24]
<gambar/image-resizing.png, id=702, 392.46625pt x 131.49126pt>
File: gambar/image-resizing.png Graphic file (type png)
<use gambar/image-resizing.png>
Package pdftex.def Info: gambar/image-resizing.png  used on input line 89.
(pdftex.def)             Requested size: 274.72449pt x 92.04324pt.
 [25 <./gambar/flowchart-preprocessing.png>]
<gambar/image-augmentation.png, id=710, 470.75874pt x 265.99374pt>
File: gambar/image-augmentation.png Graphic file (type png)
<use gambar/image-augmentation.png>
Package pdftex.def Info: gambar/image-augmentation.png  used on input line 101.

(pdftex.def)             Requested size: 235.3788pt x 132.99654pt.
 [26 <./gambar/image-resizing.png>]
<gambar/mask-rcnn-arch.png, id=717, 733.74126pt x 472.76625pt>
File: gambar/mask-rcnn-arch.png Graphic file (type png)
<use gambar/mask-rcnn-arch.png>
Package pdftex.def Info: gambar/mask-rcnn-arch.png  used on input line 115.
(pdftex.def)             Requested size: 293.4913pt x 189.10315pt.
 [27 <./gambar/image-augmentation.png>] [28 <./gambar/mask-rcnn-arch.png>]
[29]
<gambar/cross-validation.png, id=737, 457.71pt x 322.20375pt>
File: gambar/cross-validation.png Graphic file (type png)
<use gambar/cross-validation.png>
Package pdftex.def Info: gambar/cross-validation.png  used on input line 149.
(pdftex.def)             Requested size: 183.08075pt x 128.87921pt.
 [30 <./gambar/cross-validation.png>]
<gambar/testing.png, id=745, 182.6825pt x 624.3325pt>
File: gambar/testing.png Graphic file (type png)
<use gambar/testing.png>
Package pdftex.def Info: gambar/testing.png  used on input line 162.
(pdftex.def)             Requested size: 73.07169pt x 249.72858pt.
) [31 <./gambar/testing.png>] [32

]
(./bab/4-pengujian-analisis.tex
Bab 4.

Overfull \hbox (7.51198pt too wide) in paragraph at lines 27--36
 [] 
 []

[33

]
LaTeX Font Info:    Trying to load font information for OMS+lmr on input line 6
9.
 (/usr/share/texmf/tex/latex/lm/omslmr.fd
File: omslmr.fd 2009/10/30 v1.6 Font defs for Latin Modern
)
LaTeX Font Info:    Font shape `OMS/lmr/m/n' in size <10> not available
(Font)              Font shape `OMS/lmsy/m/n' tried instead on input line 69.

Overfull \hbox (11.22108pt too wide) in alignment at lines 53--74
 [] [] 
 []


Underfull \vbox (badness 10000) detected at line 74
 []


Overfull \hbox (11.22108pt too wide) in alignment at lines 74--94
 [] [] 
 []


Overfull \hbox (11.22108pt too wide) in alignment at lines 94--106
 [] [] 
 []

[34]
<gambar/resnet50-training.png, id=767, 728.7225pt x 532.99126pt>
File: gambar/resnet50-training.png Graphic file (type png)
<use gambar/resnet50-training.png>
Package pdftex.def Info: gambar/resnet50-training.png  used on input line 112.
(pdftex.def)             Requested size: 262.33989pt x 191.87671pt.


LaTeX Warning: `h' float specifier changed to `ht'.

[35]
<gambar/resnet50-val.png, id=774, 733.74126pt x 532.99126pt>
File: gambar/resnet50-val.png Graphic file (type png)
<use gambar/resnet50-val.png>
Package pdftex.def Info: gambar/resnet50-val.png  used on input line 121.
(pdftex.def)             Requested size: 264.14665pt x 191.87671pt.


LaTeX Warning: `h' float specifier changed to `ht'.

[36 <./gambar/resnet50-training.png>]
<gambar/resnet50-map.png, id=781, 342.27875pt x 251.94125pt>
File: gambar/resnet50-map.png Graphic file (type png)
<use gambar/resnet50-map.png>
Package pdftex.def Info: gambar/resnet50-map.png  used on input line 135.
(pdftex.def)             Requested size: 136.90906pt x 100.7747pt.


LaTeX Warning: `h' float specifier changed to `ht'.

[37 <./gambar/resnet50-val.png>]
Overfull \hbox (11.22108pt too wide) in alignment at lines 147--168
 [] [] 
 []


Underfull \vbox (badness 10000) detected at line 168
 []


Overfull \hbox (11.22108pt too wide) in alignment at lines 168--188
 [] [] 
 []

[38 <./gambar/resnet50-map.png>]
Overfull \hbox (11.22108pt too wide) in alignment at lines 188--200
 [] [] 
 []

[39]
<gambar/resnet101-training.png, id=799, 713.66624pt x 538.01pt>
File: gambar/resnet101-training.png Graphic file (type png)
<use gambar/resnet101-training.png>
Package pdftex.def Info: gambar/resnet101-training.png  used on input line 206.

(pdftex.def)             Requested size: 256.91965pt x 193.68344pt.
 [40 <./gambar/resnet101-training.png>]
<gambar/resnet101-val.png, id=806, 733.74126pt x 532.99126pt>
File: gambar/resnet101-val.png Graphic file (type png)
<use gambar/resnet101-val.png>
Package pdftex.def Info: gambar/resnet101-val.png  used on input line 215.
(pdftex.def)             Requested size: 264.14665pt x 191.87671pt.
<gambar/resnet101-map.png, id=808, 342.27875pt x 251.94125pt>
File: gambar/resnet101-map.png Graphic file (type png)
<use gambar/resnet101-map.png>
Package pdftex.def Info: gambar/resnet101-map.png  used on input line 224.
(pdftex.def)             Requested size: 136.90906pt x 100.7747pt.


LaTeX Warning: `h' float specifier changed to `ht'.

[41 <./gambar/resnet101-val.png>]
Overfull \hbox (11.22108pt too wide) in alignment at lines 236--257
 [] [] 
 []


Underfull \vbox (badness 10000) detected at line 257
 []


Overfull \hbox (11.22108pt too wide) in alignment at lines 257--277
 [] [] 
 []

[42 <./gambar/resnet101-map.png>]
Overfull \hbox (11.22108pt too wide) in alignment at lines 277--289
 [] [] 
 []

[43]

LaTeX Warning: Reference `fig:mobilenet-training' on page 44 undefined on input
 line 293.

<gambar/mobilenetv1-train.png, id=825, 733.74126pt x 538.01pt>
File: gambar/mobilenetv1-train.png Graphic file (type png)
<use gambar/mobilenetv1-train.png>
Package pdftex.def Info: gambar/mobilenetv1-train.png  used on input line 297.
(pdftex.def)             Requested size: 264.14665pt x 193.68344pt.
[44 <./gambar/mobilenetv1-train.png>]
<gambar/mobilenetv1-val.png, id=832, 743.77875pt x 532.99126pt>
File: gambar/mobilenetv1-val.png Graphic file (type png)
<use gambar/mobilenetv1-val.png>
Package pdftex.def Info: gambar/mobilenetv1-val.png  used on input line 307.
(pdftex.def)             Requested size: 267.76015pt x 191.87671pt.
 [45 <./gambar/mobilenetv1-val.png>]
<gambar/mobilenetv1-map.png, id=839, 352.31625pt x 251.94125pt>
File: gambar/mobilenetv1-map.png Graphic file (type png)
<use gambar/mobilenetv1-map.png>
Package pdftex.def Info: gambar/mobilenetv1-map.png  used on input line 318.
(pdftex.def)             Requested size: 140.924pt x 100.7747pt.

[46 <./gambar/mobilenetv1-map.png>]
<gambar/graph-recap.png, id=847, 384.43625pt x 263.98625pt>
File: gambar/graph-recap.png Graphic file (type png)
<use gambar/graph-recap.png>
Package pdftex.def Info: gambar/graph-recap.png  used on input line 342.
(pdftex.def)             Requested size: 288.32648pt x 197.9892pt.

Underfull \vbox (badness 3407) has occurred while \output is active []

 [47 <./gambar/graph-recap.png>]
<gambar/fajar-frame800-resnet50.png, id=856, 910.40125pt x 523.9575pt>
File: gambar/fajar-frame800-resnet50.png Graphic file (type png)
<use gambar/fajar-frame800-resnet50.png>
Package pdftex.def Info: gambar/fajar-frame800-resnet50.png  used on input line
 365.
(pdftex.def)             Requested size: 273.12248pt x 157.18846pt.

Underfull \vbox (badness 6252) has occurred while \output is active []

 [48 <./gambar/fajar-frame800-resnet50.png>]
<gambar/fajar-frame800-resnet101.png, id=867, 910.40125pt x 523.9575pt>
File: gambar/fajar-frame800-resnet101.png Graphic file (type png)
<use gambar/fajar-frame800-resnet101.png>
Package pdftex.def Info: gambar/fajar-frame800-resnet101.png  used on input lin
e 381.
(pdftex.def)             Requested size: 273.12248pt x 157.18846pt.
<gambar/fajar-frame800-mobilenetv1.png, id=869, 910.40125pt x 523.9575pt>
File: gambar/fajar-frame800-mobilenetv1.png Graphic file (type png)
<use gambar/fajar-frame800-mobilenetv1.png>
Package pdftex.def Info: gambar/fajar-frame800-mobilenetv1.png  used on input l
ine 397.
(pdftex.def)             Requested size: 273.12248pt x 157.18846pt.
 [49 <./gambar/fajar-frame800-resnet101.png>]
[50 <./gambar/fajar-frame800-mobilenetv1.png>]
File: gambar/fajar-frame800-resnet50.png Graphic file (type png)
<use gambar/fajar-frame800-resnet50.png>
Package pdftex.def Info: gambar/fajar-frame800-resnet50.png  used on input line
 432.
(pdftex.def)             Requested size: 87.9199pt x 50.59995pt.
File: gambar/fajar-frame800-resnet101.png Graphic file (type png)
<use gambar/fajar-frame800-resnet101.png>
Package pdftex.def Info: gambar/fajar-frame800-resnet101.png  used on input lin
e 437.
(pdftex.def)             Requested size: 87.9199pt x 50.59995pt.
File: gambar/fajar-frame800-mobilenetv1.png Graphic file (type png)
<use gambar/fajar-frame800-mobilenetv1.png>
Package pdftex.def Info: gambar/fajar-frame800-mobilenetv1.png  used on input l
ine 442.
(pdftex.def)             Requested size: 87.9199pt x 50.59995pt.


LaTeX Warning: `!h' float specifier changed to `!ht'.

[51]

LaTeX Warning: `!h' float specifier changed to `!ht'.

[52]
<gambar/siang-frame465-resnet50.png, id=901, 941.5175pt x 521.95pt>
File: gambar/siang-frame465-resnet50.png Graphic file (type png)
<use gambar/siang-frame465-resnet50.png>
Package pdftex.def Info: gambar/siang-frame465-resnet50.png  used on input line
 521.
(pdftex.def)             Requested size: 87.9199pt x 48.73358pt.
<gambar/siang-frame465-resnet101.png, id=902, 930.47626pt x 521.95pt>
File: gambar/siang-frame465-resnet101.png Graphic file (type png)
<use gambar/siang-frame465-resnet101.png>
Package pdftex.def Info: gambar/siang-frame465-resnet101.png  used on input lin
e 526.
(pdftex.def)             Requested size: 87.9199pt x 49.31497pt.
<gambar/siang-frame465-mobilenetv1.png, id=903, 910.40125pt x 522.95375pt>
File: gambar/siang-frame465-mobilenetv1.png Graphic file (type png)
<use gambar/siang-frame465-mobilenetv1.png>
Package pdftex.def Info: gambar/siang-frame465-mobilenetv1.png  used on input l
ine 531.
(pdftex.def)             Requested size: 87.9199pt x 50.50302pt.


LaTeX Warning: `!h' float specifier changed to `!ht'.


Overfull \hbox (0.36958pt too wide) in paragraph at lines 584--585
\OT1/lmr/m/n/10 ber-ha-sil di-de-tek-si ada-lah se-be-sar 62.5% dan \OT1/lmr/m/
it/10 Ave-ra-ge Re-ca-ll \OT1/lmr/m/n/10 72.915%.
 []

[53 <./gambar/siang-frame465-resnet50.png> <./gambar/siang-frame465-resnet101.p
ng> <./gambar/siang-frame465-mobilenetv1.png>] [54]
<gambar/malam-frame180-resnet50.png, id=920, 910.40125pt x 521.95pt>
File: gambar/malam-frame180-resnet50.png Graphic file (type png)
<use gambar/malam-frame180-resnet50.png>
Package pdftex.def Info: gambar/malam-frame180-resnet50.png  used on input line
 612.
(pdftex.def)             Requested size: 87.9199pt x 50.40608pt.
<gambar/malam-frame180-resnet101.png, id=921, 910.40125pt x 521.95pt>
File: gambar/malam-frame180-resnet101.png Graphic file (type png)
<use gambar/malam-frame180-resnet101.png>
Package pdftex.def Info: gambar/malam-frame180-resnet101.png  used on input lin
e 617.
(pdftex.def)             Requested size: 87.9199pt x 50.40608pt.
<gambar/malam-frame180-mobilnetv1.png, id=922, 910.40125pt x 521.95pt>
File: gambar/malam-frame180-mobilnetv1.png Graphic file (type png)
<use gambar/malam-frame180-mobilnetv1.png>
Package pdftex.def Info: gambar/malam-frame180-mobilnetv1.png  used on input li
ne 622.
(pdftex.def)             Requested size: 87.9199pt x 50.40608pt.


LaTeX Warning: `!h' float specifier changed to `!ht'.


LaTeX Warning: `!h' float specifier changed to `!ht'.

[55 <./gambar/malam-frame180-resnet50.png> <./gambar/malam-frame180-resnet101.p
ng> <./gambar/malam-frame180-mobilnetv1.png>]
Underfull \vbox (badness 1038) has occurred while \output is active []

 [56]
<gambar/confmatrix/all-resnet50-blue.png, id=938, 868.24374pt x 764.8575pt>
File: gambar/confmatrix/all-resnet50-blue.png Graphic file (type png)
<use gambar/confmatrix/all-resnet50-blue.png>
Package pdftex.def Info: gambar/confmatrix/all-resnet50-blue.png  used on input
 line 711.
(pdftex.def)             Requested size: 260.47513pt x 229.45901pt.

[57 <./gambar/confmatrix/all-resnet50-blue.png>]
<gambar/confmatrix/all-resnet101-blue.png, id=948, 850.17625pt x 764.8575pt>
File: gambar/confmatrix/all-resnet101-blue.png Graphic file (type png)
<use gambar/confmatrix/all-resnet101-blue.png>
Package pdftex.def Info: gambar/confmatrix/all-resnet101-blue.png  used on inpu
t line 728.
(pdftex.def)             Requested size: 255.05484pt x 229.45901pt.
 [58 <./gambar/confmatrix/all-resnet101-blue.png>]
<gambar/confmatrix/all-mobilenetv1-blue.png, id=960, 850.17625pt x 764.8575pt>
File: gambar/confmatrix/all-mobilenetv1-blue.png Graphic file (type png)
<use gambar/confmatrix/all-mobilenetv1-blue.png>
Package pdftex.def Info: gambar/confmatrix/all-mobilenetv1-blue.png  used on in
put line 745.
(pdftex.def)             Requested size: 255.05484pt x 229.45901pt.
) [59 <./gambar/confmatrix/all-mobilenetv1-blue.png>]
[60

] (./bab/5-penutup.tex
Bab 5.

Overfull \hbox (3.88187pt too wide) in paragraph at lines 13--14
\OT1/lmr/m/n/10 tek-si-an pe-jal-an ka-ki dan ze-bra-cross de-ngan meng-gu-nak-
an Mask
 []

) [61

] [62

] (./main.bbl (./main.brf)
\tf@brf=\write7
\openout7 = `main.brf'.

LaTeX Font Info:    Trying to load font information for OT1+lmtt on input line 
12.
 (/usr/share/texmf/tex/latex/lm/ot1lmtt.fd
File: ot1lmtt.fd 2009/10/30 v1.6 Font defs for Latin Modern
)
Underfull \hbox (badness 10000) in paragraph at lines 12--12
[]\OT1/lmr/m/n/10 Supervised vs. un-su-pe-rvi-sed le-ar-ning, 2018.
 []


Underfull \hbox (badness 10000) in paragraph at lines 12--12
\OT1/lmr/m/n/10 URL []$\OT1/lmtt/m/n/10 https : / / towardsdatascience . com /
 []


Underfull \hbox (badness 10000) in paragraph at lines 12--12
\OT1/lmtt/m/n/10 supervised-[]vs-[]unsupervised-[]learning-[]14f68e32ea8d$[]\OT
1/lmr/m/n/10 .
 []


Underfull \hbox (badness 10000) in paragraph at lines 17--17
\OT1/lmtt/m/n/10 geeksforgeeks . org / clustering-[]in-[]machine-[]learning$[]\
OT1/lmr/m/n/10 .
 []


Underfull \hbox (badness 10000) in paragraph at lines 48--48
[]\OT1/lmr/m/n/10 Artificial in-te-lli-gen-ce (ai), 2021.  URL
 []


Underfull \hbox (badness 10000) in paragraph at lines 48--48
[]$\OT1/lmtt/m/n/10 https : / / www . investopedia . com / terms / a /
 []


Underfull \hbox (badness 1472) in paragraph at lines 48--48
\OT1/lmtt/m/n/10 artificial-[]intelligence-[]ai . asp$[]\OT1/lmr/m/n/10 .   (Di
-ku-tip pa-da ha-
 []

[63

]) [64] (./lainnya/biografi-penulis.tex
<gambar/agung.jpg, id=1007, 578.16pt x 867.24pt>
File: gambar/agung.jpg Graphic file (type jpg)
<use gambar/agung.jpg>
Package pdftex.def Info: gambar/agung.jpg  used on input line 14.
(pdftex.def)             Requested size: 87.9199pt x 131.88007pt.
) [65

 <./gambar/agung.jpg>] [66

]
Package atveryend Info: Empty hook `BeforeClearDocument' on input line 204.
Package atveryend Info: Empty hook `AfterLastShipout' on input line 204.

(./main.aux)
Package atveryend Info: Executing hook `AtVeryEndDocument' on input line 204.
Package atveryend Info: Executing hook `AtEndAfterFileList' on input line 204.
Package rerunfilecheck Info: File `main.out' has not changed.
(rerunfilecheck)             Checksum: 774D6DB2933E161743EDC8EFBA50A579;3505.
Package rerunfilecheck Info: File `main.brf' has not changed.
(rerunfilecheck)             Checksum: C0518D9DCD91853EAB49334012CD6BFD;1217.


LaTeX Warning: There were undefined references.

Package atveryend Info: Empty hook `AtVeryVeryEnd' on input line 204.
 ) 
Here is how much of TeX's memory you used:
 13549 strings out of 481239
 212441 string characters out of 5920377
 619962 words of memory out of 5000000
 28180 multiletter control sequences out of 15000+600000
 603480 words of font info for 57 fonts, out of 8000000 for 9000
 1141 hyphenation exceptions out of 8191
 41i,13n,51p,1269b,511s stack positions out of 5000i,500n,10000p,200000b,80000s
{/usr/share/texmf/fonts/enc/dvips/lm/lm-rmtt.enc}{/usr/share/texmf/fonts/enc/
dvips/lm/lm-rm.enc}{/usr/share/texmf/fonts/enc/dvips/lm/lm-mathit.enc}{/usr/sha
re/texmf/fonts/enc/dvips/lm/lm-mathex.enc}{/usr/share/texmf/fonts/enc/dvips/lm/
lm-mathsy.enc}</usr/share/texmf/fonts/type1/public/lm/lmbx10.pfb></usr/share/te
xmf/fonts/type1/public/lm/lmbx12.pfb></usr/share/texmf/fonts/type1/public/lm/lm
bxi10.pfb></usr/share/texmf/fonts/type1/public/lm/lmex10.pfb></usr/share/texmf/
fonts/type1/public/lm/lmmi10.pfb></usr/share/texmf/fonts/type1/public/lm/lmmi5.
pfb></usr/share/texmf/fonts/type1/public/lm/lmmi7.pfb></usr/share/texmf/fonts/t
ype1/public/lm/lmr10.pfb></usr/share/texmf/fonts/type1/public/lm/lmr7.pfb></usr
/share/texmf/fonts/type1/public/lm/lmr9.pfb></usr/share/texmf/fonts/type1/publi
c/lm/lmri10.pfb></usr/share/texmf/fonts/type1/public/lm/lmssbo10.pfb></usr/shar
e/texmf/fonts/type1/public/lm/lmssbx10.pfb></usr/share/texmf/fonts/type1/public
/lm/lmsy10.pfb></usr/share/texmf/fonts/type1/public/lm/lmsy7.pfb></usr/share/te
xmf/fonts/type1/public/lm/lmtt10.pfb>
Output written on main.pdf (86 pages, 11223874 bytes).
PDF statistics:
 1138 PDF objects out of 1200 (max. 8388607)
 929 compressed objects within 10 object streams
 271 named destinations out of 1000 (max. 500000)
 639 words of extra memory for PDF output out of 10000 (max. 10000000)

