\BOOKMARK [0][-]{section*.1}{ABSTRAK}{}% 1
\BOOKMARK [0][-]{section*.1}{ABSTRACT}{}% 2
\BOOKMARK [0][-]{section*.1}{KATA PENGANTAR}{}% 3
\BOOKMARK [0][-]{Item.1}{DAFTAR ISI}{}% 4
\BOOKMARK [0][-]{chapter*.2}{DAFTAR GAMBAR}{}% 5
\BOOKMARK [0][-]{chapter*.3}{DAFTAR TABEL}{}% 6
\BOOKMARK [0][-]{chapter.1}{1 PENDAHULUAN}{}% 7
\BOOKMARK [1][-]{section.1.1}{1.1 Latar Belakang}{chapter.1}% 8
\BOOKMARK [1][-]{section.1.2}{1.2 Permasalahan}{chapter.1}% 9
\BOOKMARK [1][-]{section.1.3}{1.3 Tujuan}{chapter.1}% 10
\BOOKMARK [1][-]{section.1.4}{1.4 Batasan Masalah}{chapter.1}% 11
\BOOKMARK [1][-]{section.1.5}{1.5 Sistematika Penulisan}{chapter.1}% 12
\BOOKMARK [0][-]{chapter.2}{2 TINJAUAN PUSTAKA}{}% 13
\BOOKMARK [1][-]{section.2.1}{2.1 Dasar Teori}{chapter.2}% 14
\BOOKMARK [2][-]{subsection.2.1.1}{2.1.1 Artificial Intelligence}{section.2.1}% 15
\BOOKMARK [2][-]{subsection.2.1.2}{2.1.2 Machine Learning}{section.2.1}% 16
\BOOKMARK [0][-]{chapter.3}{3 DESAIN DAN IMPLEMENTASI}{}% 17
\BOOKMARK [1][-]{section.3.1}{3.1 Deskripsi Sistem}{chapter.3}% 18
\BOOKMARK [1][-]{section.3.2}{3.2 Pengumpulan Dataset Gambar}{chapter.3}% 19
\BOOKMARK [1][-]{section.3.3}{3.3 Pemisahan Data}{chapter.3}% 20
\BOOKMARK [1][-]{section.3.4}{3.4 Pre-Processing}{chapter.3}% 21
\BOOKMARK [1][-]{section.3.5}{3.5 Membangun Model Mask R-CNN }{chapter.3}% 22
\BOOKMARK [1][-]{section.3.6}{3.6 Training Data }{chapter.3}% 23
\BOOKMARK [1][-]{section.3.7}{3.7 Validating Data }{chapter.3}% 24
\BOOKMARK [1][-]{section.3.8}{3.8 Testing Data }{chapter.3}% 25
\BOOKMARK [0][-]{chapter.4}{4 PENGUJIAN DAN ANALISIS}{}% 26
\BOOKMARK [1][-]{section.4.1}{4.1 Skenario Pengujian}{chapter.4}% 27
\BOOKMARK [1][-]{section.4.2}{4.2 Evaluasi Pengujian}{chapter.4}% 28
\BOOKMARK [0][-]{chapter.5}{5 PENUTUP}{}% 29
\BOOKMARK [1][-]{section.5.1}{5.1 Kesimpulan}{chapter.5}% 30
\BOOKMARK [1][-]{section.5.2}{5.2 Saran}{chapter.5}% 31
\BOOKMARK [0][-]{Item.27}{DAFTAR PUSTAKA}{}% 32
\BOOKMARK [0][-]{chapter*.5}{BIOGRAFI PENULIS}{}% 33
